2025-04-15 05:36:54.704621 - Received CBT.V508.FILE788.PDS from FILE788.XMI 
2025-04-15 05:36:54.705844 - Found $$$#DATE.txt (text/plain) in CBT.V508.FILE788.PDS, moved to PDS/$$$#DATE
2025-04-15 05:36:54.706165 - Found $$NOTE1.txt (text/plain) in CBT.V508.FILE788.PDS, moved to PDS/$$NOTE1
2025-04-15 05:36:54.706499 - Found @FILE788.txt (text/plain) in CBT.V508.FILE788.PDS, moved to PDS/@FILE788
2025-04-15 05:36:54.707369 - Found MA1KCPY.xmi (application/xmit) in CBT.V508.FILE788.PDS, moved to PDS/MA1KCPY.xmi
2025-04-15 05:36:54.749219 - Received DOTCWS.DDNAME.INPUT01 from MA1KCPY.xmi 
2025-04-15 05:36:54.750177 - Found $$DOC.txt (text/plain) in DOTCWS.DDNAME.INPUT01, moved to MA1KCPY/$$DOC
2025-04-15 05:36:54.750514 - Found CMQAPIDC.txt (text/plain) in DOTCWS.DDNAME.INPUT01, moved to MA1KCPY/CMQAPIDC
2025-04-15 05:36:54.750833 - Found J7200506.txt (text/plain) in DOTCWS.DDNAME.INPUT01, moved to MA1KCPY/J7200506
2025-04-15 05:36:54.751138 - Found J7200507.txt (text/plain) in DOTCWS.DDNAME.INPUT01, moved to MA1KCPY/J7200507
2025-04-15 05:36:54.751865 - Found MQRSNCD1.txt (text/plain) in DOTCWS.DDNAME.INPUT01, moved to MA1KCPY/MQRSNCD1
2025-04-15 05:36:54.752428 - Found MA1KDOC.txt (text/plain) in CBT.V508.FILE788.PDS, moved to PDS/MA1KDOC
2025-04-15 05:36:54.753604 - Found MA1KSRC.xmi (application/xmit) in CBT.V508.FILE788.PDS, moved to PDS/MA1KSRC.xmi
2025-04-15 05:36:54.849212 - Received DOTCWS.DDNAME.INPUT01 from MA1KSRC.xmi 
2025-04-15 05:36:54.850299 - Found $$DOC.txt (text/plain) in DOTCWS.DDNAME.INPUT01, moved to MA1KSRC/$$DOC
2025-04-15 05:36:54.850816 - Found CMQV.rexx (text/plain) in DOTCWS.DDNAME.INPUT01, moved to MA1KSRC/CMQV
2025-04-15 05:36:54.851104 - Found J7200501.txt (text/plain) in DOTCWS.DDNAME.INPUT01, moved to MA1KSRC/J7200501
2025-04-15 05:36:54.851315 - Found J7200502.txt (text/plain) in DOTCWS.DDNAME.INPUT01, moved to MA1KSRC/J7200502
2025-04-15 05:36:54.851616 - Found J7200503.txt (text/plain) in DOTCWS.DDNAME.INPUT01, moved to MA1KSRC/J7200503
2025-04-15 05:36:54.851921 - Found J7200505.txt (text/plain) in DOTCWS.DDNAME.INPUT01, moved to MA1KSRC/J7200505
2025-04-15 05:36:54.852598 - Found J7200506.txt (text/plain) in DOTCWS.DDNAME.INPUT01, moved to MA1KSRC/J7200506
2025-04-15 05:36:54.852976 - Found J7200507.txt (text/plain) in DOTCWS.DDNAME.INPUT01, moved to MA1KSRC/J7200507
2025-04-15 05:36:54.853337 - Found J7200508.txt (text/plain) in DOTCWS.DDNAME.INPUT01, moved to MA1KSRC/J7200508
2025-04-15 05:36:54.853942 - Found QUICKREF.txt (text/plain) in DOTCWS.DDNAME.INPUT01, moved to MA1KSRC/QUICKREF
